<?xml version="1.0" encoding="utf-8"?><testsuites><testsuite name="pytest" errors="0" failures="0" skipped="0" tests="4" time="0.124" timestamp="2023-09-17T20:35:09.227318" hostname="DESKTOP-QK6GLE4"><testcase classname="test_report" name="test_addition" time="0.002" /><testcase classname="test_report" name="test_subtraction" time="0.003" /><testcase classname="test_report" name="test_multiplication" time="0.002" /><testcase classname="test_report" name="test_division" time="0.002" /></testsuite></testsuites>